<?xml version="1.0" encoding="UTF-8"?>
<testsuite xmlns:xsi="http://www.w3.org/2001/XMLSchema-instance" xsi:schemaLocation="https://maven.apache.org/surefire/maven-surefire-plugin/xsd/surefire-test-report.xsd" name="auth.Search_Test" time="37.025" tests="1" errors="0" skipped="0" failures="1">
  <properties>
[...]
</properties>
  <testcase name="open_page" classname="auth.Search_Test" time="36.845">
    <failure message="Element should be value &apos;10&apos; {By.xpath: //input[@aria-label=&apos;Найти&apos;]}&#10;Element: &apos;&lt;input aria-autocomplete=&quot;both&quot; aria-haspopup=&quot;false&quot; aria-label=&quot;Найти&quot; autocomplete=&quot;off&quot; class=&quot;gsfi lst-d-f&quot; dir=&quot;ltr&quot; id=&quot;lst-ib&quot; maxlength=&quot;2048&quot; name=&quot;q&quot; role=&quot;combobox&quot; spellcheck=&quot;false&quot; title=&quot;Поиск&quot; type=&quot;text&quot;&gt;&lt;/input&gt;&apos;" type="com.codeborne.selenide.ex.ElementShould"><![CDATA[com.codeborne.selenide.ex.ElementShould: 
Element should be value '10' {By.xpath: //input[@aria-label='Найти']}
Element: '<input aria-autocomplete="both" aria-haspopup="false" aria-label="Найти" autocomplete="off" class="gsfi lst-d-f" dir="ltr" id="lst-ib" maxlength="2048" name="q" role="combobox" spellcheck="false" title="Поиск" type="text"></input>'
	at auth.Search_Test.open_page(Search_Test.java:167)
]]></failure>
    <system-out><![CDATA[C:\Users\vlas2\Documents\Junit-Selenide-Allure-VideoRecorder-Example\video\open_page_recording_2017_03_02_17_01_52.avi
C:\Users\vlas2\Documents\Junit-Selenide-Allure-VideoRecorder-Example\video\open_page_recording_2017_03_02_17_01_52.avi
open_page_recording_2017_03_02_17_01_52.mp4
]]></system-out>
    <system-err><![CDATA[log4j:WARN No appenders could be found for logger (com.automation.remarks.video.recorder.monte.MonteRecorder).
log4j:WARN Please initialize the log4j system properly.
log4j:WARN See http://logging.apache.org/log4j/1.2/faq.html#noconfig for more info.
фев 03, 2017 5:01:27 PM com.codeborne.selenide.webdriver.WebDriverFactory createFirefoxDriver
INFO: Firefox 48+ is currently not supported by Selenium Firefox driver. Use browser=marionette with geckodriver, when using it.
фев 03, 2017 5:01:37 PM org.openqa.selenium.remote.ProtocolHandshake createSession
INFO: Attempting bi-dialect session, assuming Postel's Law holds true on the remote end
фев 03, 2017 5:01:40 PM org.openqa.selenium.remote.ProtocolHandshake createSession
INFO: Detected dialect: OSS
фев 03, 2017 5:01:41 PM com.codeborne.selenide.webdriver.WebDriverFactory createWebDriver
INFO: BrowserName=firefox Version=46.0.1 Platform=WINDOWS
фев 03, 2017 5:01:41 PM com.codeborne.selenide.webdriver.WebDriverFactory createWebDriver
INFO: Selenide v. 4.2.1
фев 03, 2017 5:01:41 PM com.codeborne.selenide.webdriver.WebDriverFactory createWebDriver
INFO: Selenium WebDriver v. 3.0.1 build time: 2016-10-18 09:49:13 -0700
фев 03, 2017 5:01:41 PM com.codeborne.selenide.impl.WebDriverThreadLocalContainer createDriver
INFO: Create webdriver in current thread 1: FirefoxDriver -> FirefoxDriver: firefox on WINDOWS (8fc58d26-3694-45dc-93e5-da91f1927386)
фев 03, 2017 5:01:51 PM com.codeborne.selenide.impl.WebDriverThreadLocalContainer closeWebDriver
INFO: Close webdriver: 1 -> FirefoxDriver: firefox on WINDOWS (8fc58d26-3694-45dc-93e5-da91f1927386)
фев 03, 2017 5:01:51 PM com.codeborne.selenide.impl.WebDriverThreadLocalContainer closeWebDriver
INFO: Close proxy server: 1 -> null
фев 03, 2017 5:01:51 PM com.codeborne.selenide.impl.WebDriverThreadLocalContainer$CloseBrowser run
INFO: Trying to close the browser FirefoxDriver ...
фев 03, 2017 5:01:52 PM com.codeborne.selenide.impl.WebDriverThreadLocalContainer closeWebDriver
INFO: Closed webdriver in 895 ms
26871 [main] INFO net.bramp.ffmpeg.RunProcessFunction - C:/ffmpeg/bin/ffmpeg.exe -version
26910 [main] INFO net.bramp.ffmpeg.RunProcessFunction - C:/ffmpeg/bin/ffprobe.exe -version
26939 [main] INFO net.bramp.ffmpeg.RunProcessFunction - C:/ffmpeg/bin/ffprobe.exe -v quiet -print_format json -show_error -show_format -show_streams C:\Users\vlas2\Documents\Junit-Selenide-Allure-VideoRecorder-Example\video\open_page_recording_2017_03_02_17_01_52.avi
26994 [main] INFO net.bramp.ffmpeg.RunProcessFunction - C:/ffmpeg/bin/ffmpeg.exe -y -v error -i C:\Users\vlas2\Documents\Junit-Selenide-Allure-VideoRecorder-Example\video\open_page_recording_2017_03_02_17_01_52.avi -strict experimental -f mp4 -vcodec libx264 -s 1920x1080 -r 24/1 -b:v 276887 -acodec aac -ac 1 -ar 48000 -b:a 32768 -sn C:\Users\vlas2\Documents\Junit-Selenide-Allure-VideoRecorder-Example\video\open_page_recording_2017_03_02_17_01_52.mp4
]]></system-err>
  </testcase>
</testsuite>